#
# There is insufficient memory for the Java Runtime Environment to continue.
# Native memory allocation (malloc) failed to allocate 1048576 bytes. Error detail: AllocateHeap
# Possible reasons:
#   The system is out of physical RAM or swap space
#   This process is running with CompressedOops enabled, and the Java Heap may be blocking the growth of the native heap
# Possible solutions:
#   Reduce memory load on the system
#   Increase physical memory or swap space
#   Check if swap backing store is full
#   Decrease Java heap size (-Xmx/-Xms)
#   Decrease number of Java threads
#   Decrease Java thread stack sizes (-Xss)
#   Set larger code cache with -XX:ReservedCodeCacheSize=
#   JVM is running with Unscaled Compressed Oops mode in which the Java heap is
#     placed in the first 4GB address space. The Java Heap base address is the
#     maximum limit for the native heap growth. Please use -XX:HeapBaseMinAddress
#     to set the Java Heap base and to place the Java Heap above 4GB virtual address.
# This output file may be truncated or incomplete.
#
#  Out of Memory Error (allocation.cpp:44), pid=25536, tid=4228
#
# JRE version: OpenJDK Runtime Environment Temurin-21.0.10+7 (21.0.10+7) (build 21.0.10+7-LTS)
# Java VM: OpenJDK 64-Bit Server VM Temurin-21.0.10+7 (21.0.10+7-LTS, mixed mode, sharing, tiered, compressed oops, compressed class ptrs, parallel gc, windows-amd64)
# No core dump will be written. Minidumps are not enabled by default on client versions of Windows
#

---------------  S U M M A R Y ------------

Command Line: --add-modules=ALL-SYSTEM --add-opens=java.base/java.util=ALL-UNNAMED --add-opens=java.base/java.lang=ALL-UNNAMED --add-opens=java.base/sun.nio.fs=ALL-UNNAMED -Declipse.application=org.eclipse.jdt.ls.core.id1 -Dosgi.bundles.defaultStartLevel=4 -Declipse.product=org.eclipse.jdt.ls.core.product -Djava.import.generatesMetadataFilesAtProjectRoot=false -DDetectVMInstallationsJob.disabled=true -Dfile.encoding=utf8 -XX:+UseParallelGC -XX:GCTimeRatio=4 -XX:AdaptiveSizePolicyWeight=90 -Dsun.zip.disableMemoryMapping=true -Xmx2G -Xms100m -Xlog:disable -javaagent:c:\Users\PC\.antigravity\extensions\redhat.java-1.54.0-win32-x64\lombok\lombok-1.18.39-4050.jar -XX:+HeapDumpOnOutOfMemoryError -XX:HeapDumpPath=c:\Users\PC\AppData\Roaming\Antigravity\User\workspaceStorage\93b05d6e82c90429f4c9afd77aa55b62\redhat.java -Daether.dependencyCollector.impl=bf c:\Users\PC\.antigravity\extensions\redhat.java-1.54.0-win32-x64\server\plugins\org.eclipse.equinox.launcher_1.7.100.v20251111-0406.jar -configuration c:\Users\PC\AppData\Roaming\Antigravity\User\globalStorage\redhat.java\1.54.0\config_win -data c:\Users\PC\AppData\Roaming\Antigravity\User\workspaceStorage\93b05d6e82c90429f4c9afd77aa55b62\redhat.java\jdt_ws --pipe=\\.\pipe\lsp-4ae4cc0575dda83a4e41ced3ee8698e0-sock

Host: 11th Gen Intel(R) Core(TM) i7-11800H @ 2.30GHz, 16 cores, 7G,  Windows 11 , 64 bit Build 26100 (10.0.26100.8246)
Time: Thu May  7 11:24:28 2026 SE Asia Standard Time elapsed time: 862.741371 seconds (0d 0h 14m 22s)

---------------  T H R E A D  ---------------

Current thread (0x000002299633d880):  JavaThread "Attach Listener" daemon [_thread_in_vm, id=4228, stack(0x00000086cd100000,0x00000086cd200000) (1024K)]

Stack: [0x00000086cd100000,0x00000086cd200000]
Native frames: (J=compiled Java code, j=interpreted, Vv=VM code, C=native code)
V  [jvm.dll+0x6d7a39]
V  [jvm.dll+0x8b4b26]
V  [jvm.dll+0x8b70de]
V  [jvm.dll+0x8b77c3]
V  [jvm.dll+0x284346]
V  [jvm.dll+0xc1277]
V  [jvm.dll+0x6d82e9]
V  [jvm.dll+0x1334a6]
V  [jvm.dll+0x3f857e]
V  [jvm.dll+0x85f59d]
V  [jvm.dll+0x6d626d]
C  [ucrtbase.dll+0x37b0]
C  [KERNEL32.DLL+0x2e8d7]
C  [ntdll.dll+0x8c3fc]


---------------  P R O C E S S  ---------------

Threads class SMR info:
_java_thread_list=0x00000229df680b90, length=43, elements={
0x00000229fe51ca40, 0x00000229fe5c7000, 0x0000022996338f10, 0x000002299633ca20,
0x000002299633d880, 0x00000229fe5cfa20, 0x00000229fe5d3ee0, 0x00000229d87f8f70,
0x00000229d87fb5a0, 0x00000229d8a132e0, 0x00000229d8b32fb0, 0x00000229da6fb690,
0x00000229df22c000, 0x00000229da79a060, 0x00000229da7958a0, 0x00000229df81d200,
0x00000229df61f4f0, 0x00000229dfc7dfe0, 0x00000229dfc7d950, 0x00000229dfc7b1f0,
0x00000229dfc7bf10, 0x00000229dfc7b880, 0x00000229dfc7d2c0, 0x00000229df4107a0,
0x00000229df410e30, 0x00000229df40f3f0, 0x00000229df4114c0, 0x00000229df411b50,
0x00000229df40fa80, 0x00000229df4121e0, 0x00000229df40ed60, 0x00000229df410110,
0x00000229da2743a0, 0x00000229da274a30, 0x00000229da273d10, 0x00000229da2750c0,
0x00000229da275750, 0x00000229da2722d0, 0x00000229da275de0, 0x00000229da272960,
0x00000229da276470, 0x00000229da272ff0, 0x00000229da277eb0
}

Java Threads: ( => current thread )
  0x00000229fe51ca40 JavaThread "main"                              [_thread_blocked, id=22972, stack(0x00000086cca00000,0x00000086ccb00000) (1024K)]
  0x00000229fe5c7000 JavaThread "Reference Handler"          daemon [_thread_blocked, id=11300, stack(0x00000086cce00000,0x00000086ccf00000) (1024K)]
  0x0000022996338f10 JavaThread "Finalizer"                  daemon [_thread_blocked, id=14612, stack(0x00000086ccf00000,0x00000086cd000000) (1024K)]
  0x000002299633ca20 JavaThread "Signal Dispatcher"          daemon [_thread_blocked, id=2096, stack(0x00000086cd000000,0x00000086cd100000) (1024K)]
=>0x000002299633d880 JavaThread "Attach Listener"            daemon [_thread_in_vm, id=4228, stack(0x00000086cd100000,0x00000086cd200000) (1024K)]
  0x00000229fe5cfa20 JavaThread "Service Thread"             daemon [_thread_blocked, id=27864, stack(0x00000086cd200000,0x00000086cd300000) (1024K)]
  0x00000229fe5d3ee0 JavaThread "Monitor Deflation Thread"   daemon [_thread_blocked, id=23124, stack(0x00000086cd300000,0x00000086cd400000) (1024K)]
  0x00000229d87f8f70 JavaThread "C2 CompilerThread0"         daemon [_thread_blocked, id=5864, stack(0x00000086cd400000,0x00000086cd500000) (1024K)]
  0x00000229d87fb5a0 JavaThread "C1 CompilerThread0"         daemon [_thread_blocked, id=6744, stack(0x00000086cd500000,0x00000086cd600000) (1024K)]
  0x00000229d8a132e0 JavaThread "Common-Cleaner"             daemon [_thread_blocked, id=12268, stack(0x00000086cd800000,0x00000086cd900000) (1024K)]
  0x00000229d8b32fb0 JavaThread "Notification Thread"        daemon [_thread_blocked, id=6048, stack(0x00000086cda00000,0x00000086cdb00000) (1024K)]
  0x00000229da6fb690 JavaThread "Active Thread: Equinox Container: faed6397-64b1-46ff-89ca-f393fea3dfad"        [_thread_blocked, id=7872, stack(0x00000086ce100000,0x00000086ce200000) (1024K)]
  0x00000229df22c000 JavaThread "Refresh Thread: Equinox Container: faed6397-64b1-46ff-89ca-f393fea3dfad" daemon [_thread_blocked, id=28444, stack(0x00000086ce300000,0x00000086ce400000) (1024K)]
  0x00000229da79a060 JavaThread "Framework Event Dispatcher: Equinox Container: faed6397-64b1-46ff-89ca-f393fea3dfad" daemon [_thread_blocked, id=19828, stack(0x00000086ce400000,0x00000086ce500000) (1024K)]
  0x00000229da7958a0 JavaThread "Start Level: Equinox Container: faed6397-64b1-46ff-89ca-f393fea3dfad" daemon [_thread_blocked, id=18184, stack(0x00000086ce500000,0x00000086ce600000) (1024K)]
  0x00000229df81d200 JavaThread "Bundle File Closer"         daemon [_thread_blocked, id=20644, stack(0x00000086ce900000,0x00000086cea00000) (1024K)]
  0x00000229df61f4f0 JavaThread "SCR Component Actor"        daemon [_thread_blocked, id=10032, stack(0x00000086cd900000,0x00000086cda00000) (1024K)]
  0x00000229dfc7dfe0 JavaThread "Worker-JM"                         [_thread_blocked, id=4068, stack(0x00000086cea00000,0x00000086ceb00000) (1024K)]
  0x00000229dfc7d950 JavaThread "JNA Cleaner"                daemon [_thread_blocked, id=27792, stack(0x00000086ced00000,0x00000086cee00000) (1024K)]
  0x00000229dfc7b1f0 JavaThread "Worker-0"                          [_thread_blocked, id=7384, stack(0x00000086cee00000,0x00000086cef00000) (1024K)]
  0x00000229dfc7bf10 JavaThread "Worker-1"                          [_thread_blocked, id=16980, stack(0x00000086cef00000,0x00000086cf000000) (1024K)]
  0x00000229dfc7b880 JavaThread "Java indexing"              daemon [_thread_blocked, id=13936, stack(0x00000086cf000000,0x00000086cf100000) (1024K)]
  0x00000229dfc7d2c0 JavaThread "Thread-1"                   daemon [_thread_in_native, id=21216, stack(0x00000086cf500000,0x00000086cf600000) (1024K)]
  0x00000229df4107a0 JavaThread "Thread-2"                   daemon [_thread_in_native, id=7668, stack(0x00000086cf600000,0x00000086cf700000) (1024K)]
  0x00000229df410e30 JavaThread "Thread-3"                   daemon [_thread_in_native, id=19628, stack(0x00000086cf700000,0x00000086cf800000) (1024K)]
  0x00000229df40f3f0 JavaThread "Thread-4"                   daemon [_thread_in_native, id=8748, stack(0x00000086cf800000,0x00000086cf900000) (1024K)]
  0x00000229df4114c0 JavaThread "Thread-5"                   daemon [_thread_in_native, id=6348, stack(0x00000086cf900000,0x00000086cfa00000) (1024K)]
  0x00000229df411b50 JavaThread "Thread-6"                   daemon [_thread_in_native, id=13376, stack(0x00000086cfa00000,0x00000086cfb00000) (1024K)]
  0x00000229df40fa80 JavaThread "Thread-7"                   daemon [_thread_in_native, id=7800, stack(0x00000086cfb00000,0x00000086cfc00000) (1024K)]
  0x00000229df4121e0 JavaThread "Thread-8"                   daemon [_thread_in_native, id=16788, stack(0x00000086cfc00000,0x00000086cfd00000) (1024K)]
  0x00000229df40ed60 JavaThread "Thread-9"                   daemon [_thread_in_native, id=11272, stack(0x00000086cfd00000,0x00000086cfe00000) (1024K)]
  0x00000229df410110 JavaThread "Thread-10"                  daemon [_thread_in_native, id=21496, stack(0x00000086cfe00000,0x00000086cff00000) (1024K)]
  0x00000229da2743a0 JavaThread "Thread-11"                  daemon [_thread_in_native, id=24904, stack(0x00000086cff00000,0x00000086d0000000) (1024K)]
  0x00000229da274a30 JavaThread "Thread-12"                  daemon [_thread_in_native, id=14588, stack(0x00000086d0000000,0x00000086d0100000) (1024K)]
  0x00000229da273d10 JavaThread "Thread-13"                  daemon [_thread_in_native, id=2152, stack(0x00000086d0100000,0x00000086d0200000) (1024K)]
  0x00000229da2750c0 JavaThread "Thread-14"                  daemon [_thread_in_native, id=23432, stack(0x00000086d0200000,0x00000086d0300000) (1024K)]
  0x00000229da275750 JavaThread "Thread-15"                  daemon [_thread_in_native, id=7112, stack(0x00000086d0300000,0x00000086d0400000) (1024K)]
  0x00000229da2722d0 JavaThread "Thread-16"                  daemon [_thread_in_native, id=22156, stack(0x00000086d0400000,0x00000086d0500000) (1024K)]
  0x00000229da275de0 JavaThread "Thread-17"                  daemon [_thread_in_native, id=7764, stack(0x00000086d0500000,0x00000086d0600000) (1024K)]
  0x00000229da272960 JavaThread "pool-2-thread-1"                   [_thread_blocked, id=16888, stack(0x00000086d0600000,0x00000086d0700000) (1024K)]
  0x00000229da276470 JavaThread "WorkspaceEventsHandler"            [_thread_blocked, id=12252, stack(0x00000086d0700000,0x00000086d0800000) (1024K)]
  0x00000229da272ff0 JavaThread "pool-1-thread-1"                   [_thread_blocked, id=27824, stack(0x00000086d0800000,0x00000086d0900000) (1024K)]
  0x00000229da277eb0 JavaThread "ForkJoinPool.commonPool-worker-3" daemon [_thread_blocked, id=7012, stack(0x00000086d0c00000,0x00000086d0d00000) (1024K)]
Total: 43

Other Threads:
  0x00000229963224a0 VMThread "VM Thread"                           [id=15256, stack(0x00000086ccd00000,0x00000086cce00000) (1024K)]
  0x000002299621c950 WatcherThread "VM Periodic Task Thread"        [id=2868, stack(0x00000086ccc00000,0x00000086ccd00000) (1024K)]
  0x00000229fe53ac50 WorkerThread "GC Thread#0"                     [id=24716, stack(0x00000086ccb00000,0x00000086ccc00000) (1024K)]
  0x00000229da746560 WorkerThread "GC Thread#1"                     [id=3808, stack(0x00000086cdb00000,0x00000086cdc00000) (1024K)]
  0x00000229da8d9e50 WorkerThread "GC Thread#2"                     [id=12604, stack(0x00000086cdc00000,0x00000086cdd00000) (1024K)]
  0x00000229da6515c0 WorkerThread "GC Thread#3"                     [id=24852, stack(0x00000086cdd00000,0x00000086cde00000) (1024K)]
  0x00000229da651970 WorkerThread "GC Thread#4"                     [id=16064, stack(0x00000086cde00000,0x00000086cdf00000) (1024K)]
  0x00000229da7fc070 WorkerThread "GC Thread#5"                     [id=21840, stack(0x00000086cdf00000,0x00000086ce000000) (1024K)]
  0x00000229da7fd690 WorkerThread "GC Thread#6"                     [id=14704, stack(0x00000086ce000000,0x00000086ce100000) (1024K)]
  0x00000229da7fc420 WorkerThread "GC Thread#7"                     [id=4000, stack(0x00000086ce200000,0x00000086ce300000) (1024K)]
  0x00000229da7fc7d0 WorkerThread "GC Thread#8"                     [id=11144, stack(0x00000086ce600000,0x00000086ce700000) (1024K)]
  0x00000229da7fcb80 WorkerThread "GC Thread#9"                     [id=22064, stack(0x00000086ce700000,0x00000086ce800000) (1024K)]
  0x00000229da7fcf30 WorkerThread "GC Thread#10"                    [id=14912, stack(0x00000086ce800000,0x00000086ce900000) (1024K)]
  0x00000229df669570 WorkerThread "GC Thread#11"                    [id=2616, stack(0x00000086ceb00000,0x00000086cec00000) (1024K)]
  0x00000229df66a430 WorkerThread "GC Thread#12"                    [id=16120, stack(0x00000086cec00000,0x00000086ced00000) (1024K)]
Total: 15

Threads with active compile tasks:
Total: 0

VM state: not at safepoint (normal execution)

VM Mutex/Monitor currently owned by a thread: None

Heap address: 0x0000000080000000, size: 2048 MB, Compressed Oops mode: 32-bit

CDS archive(s) mapped at: [0x0000022997000000-0x0000022997ba0000-0x0000022997ba0000), size 12189696, SharedBaseAddress: 0x0000022997000000, ArchiveRelocationMode: 1.
Compressed class space mapped at: 0x0000022998000000-0x00000229d8000000, reserved size: 1073741824
Narrow klass base: 0x0000022997000000, Narrow klass shift: 0, Narrow klass range: 0x100000000

GC Precious Log:
 CardTable entry size: 512
 CPUs: 16 total, 16 available
 Memory: 7893M
 Large Page Support: Disabled
 NUMA Support: Disabled
 Compressed Oops: Enabled (32-bit)
 Alignments: Space 512K, Generation 512K, Heap 2M
 Heap Min Capacity: 100M
 Heap Initial Capacity: 100M
 Heap Max Capacity: 2G
 Pre-touch: Disabled
 Parallel Workers: 13

Heap:
 PSYoungGen      total 10752K, used 3155K [0x00000000d5580000, 0x00000000d6300000, 0x0000000100000000)
  eden space 9728K, 22% used [0x00000000d5580000,0x00000000d57acc68,0x00000000d5f00000)
  from space 1024K, 90% used [0x00000000d6200000,0x00000000d62e8030,0x00000000d6300000)
  to   space 1536K, 0% used [0x00000000d6000000,0x00000000d6000000,0x00000000d6180000)
 ParOldGen       total 80896K, used 72978K [0x0000000080000000, 0x0000000084f00000, 0x00000000d5580000)
  object space 80896K, 90% used [0x0000000080000000,0x0000000084744ad0,0x0000000084f00000)
 Metaspace       used 62150K, committed 63552K, reserved 1114112K
  class space    used 6579K, committed 7168K, reserved 1048576K

Card table byte_map: [0x00000229fdec0000,0x00000229fe2d0000] _byte_map_base: 0x00000229fdac0000

Marking Bits: (ParMarkBitMap*) 0x00007ffc45183450
 Begin Bits: [0x0000022992140000, 0x0000022994140000)
 End Bits:   [0x0000022994140000, 0x0000022996140000)

Polling page: 0x00000229fc2c0000

Metaspace:

Usage:
  Non-class:     54.27 MB used.
      Class:      6.43 MB used.
       Both:     60.69 MB used.

Virtual space:
  Non-class space:       64.00 MB reserved,      55.06 MB ( 86%) committed,  1 nodes.
      Class space:        1.00 GB reserved,       7.00 MB ( <1%) committed,  1 nodes.
             Both:        1.06 GB reserved,      62.06 MB (  6%) committed. 

Chunk freelists:
   Non-Class:  8.39 MB
       Class:  8.94 MB
        Both:  17.33 MB

MaxMetaspaceSize: unlimited
CompressedClassSpaceSize: 1.00 GB
Initial GC threshold: 21.00 MB
Current GC threshold: 98.12 MB
CDS: on
 - commit_granule_bytes: 65536.
 - commit_granule_words: 8192.
 - virtual_space_node_default_size: 8388608.
 - enlarge_chunks_in_place: 1.
 - use_allocation_guard: 0.


Internal statistics:

num_allocs_failed_limit: 13.
num_arena_births: 1170.
num_arena_deaths: 22.
num_vsnodes_births: 2.
num_vsnodes_deaths: 0.
num_space_committed: 993.
num_space_uncommitted: 0.
num_chunks_returned_to_freelist: 39.
num_chunks_taken_from_freelist: 4024.
num_chunk_merges: 16.
num_chunk_splits: 2532.
num_chunks_enlarged: 1511.
num_inconsistent_stats: 0.

CodeHeap 'non-profiled nmethods': size=119168Kb used=6093Kb max_used=6093Kb free=113074Kb
 bounds [0x000002298ace0000, 0x000002298b2e0000, 0x0000022992140000]
CodeHeap 'profiled nmethods': size=119104Kb used=24171Kb max_used=24171Kb free=94932Kb
 bounds [0x0000022983140000, 0x00000229848e0000, 0x000002298a590000]
CodeHeap 'non-nmethods': size=7488Kb used=1426Kb max_used=3178Kb free=6061Kb
 bounds [0x000002298a590000, 0x000002298a8c0000, 0x000002298ace0000]
CodeCache: size=245760Kb, used=31690Kb, max_used=33442Kb, free=214067Kb
 total_blobs=11755, nmethods=11027, adapters=634, full_count=0
Compilation: enabled, stopped_count=0, restarted_count=0

Compilation events (20 events):
Event: 235.783 Thread 0x00000229d87fb5a0 11779       3       java.util.concurrent.locks.ReentrantLock::lockInterruptibly (8 bytes)
Event: 235.788 Thread 0x00000229d87fb5a0 nmethod 11779 0x00000229848d5a90 code [0x00000229848d5ca0, 0x00000229848d6228]
Event: 235.788 Thread 0x00000229d87fb5a0 11780       3       java.util.concurrent.locks.ReentrantLock$Sync::lockInterruptibly (27 bytes)
Event: 235.788 Thread 0x00000229d87fb5a0 nmethod 11780 0x00000229848d6410 code [0x00000229848d6600, 0x00000229848d6b28]
Event: 240.905 Thread 0x00000229d87fb5a0 11781   !   3       java.util.concurrent.ThreadPoolExecutor::getTask (177 bytes)
Event: 240.908 Thread 0x00000229d87fb5a0 nmethod 11781 0x00000229848d6d10 code [0x00000229848d6fc0, 0x00000229848d7df0]
Event: 244.583 Thread 0x00000229d87fb5a0 11782       3       java.util.concurrent.locks.AbstractQueuedSynchronizer$ConditionObject::canReacquire (38 bytes)
Event: 244.583 Thread 0x00000229d87fb5a0 nmethod 11782 0x00000229848d8290 code [0x00000229848d8460, 0x00000229848d87a8]
Event: 245.801 Thread 0x00000229d87f8f70 11783       4       java.lang.invoke.VarHandleGuards::guard_LLL_Z (86 bytes)
Event: 245.811 Thread 0x00000229d87f8f70 nmethod 11783 0x000002298b2d2290 code [0x000002298b2d2480, 0x000002298b2d28c8]
Event: 304.434 Thread 0x00000229d87fb5a0 11784       3       java.util.HashMap::putVal (300 bytes)
Event: 304.437 Thread 0x00000229d87fb5a0 nmethod 11784 0x00000229848d8910 code [0x00000229848d8bc0, 0x00000229848d9bf8]
Event: 365.629 Thread 0x00000229d87fb5a0 11785   !   3       java.util.concurrent.locks.LockSupport::parkNanos (56 bytes)
Event: 365.641 Thread 0x00000229d87fb5a0 nmethod 11785 0x00000229848da090 code [0x00000229848da2a0, 0x00000229848da6e0]
Event: 425.641 Thread 0x00000229d87f8f70 11786       4       java.lang.Thread::interrupted (7 bytes)
Event: 425.658 Thread 0x00000229d87f8f70 nmethod 11786 0x000002298b2d2d10 code [0x000002298b2d2ea0, 0x000002298b2d2f58]
Event: 495.984 Thread 0x00000229d87fb5a0 11787       3       java.util.concurrent.ScheduledThreadPoolExecutor$ScheduledFutureTask::getDelay (16 bytes)
Event: 495.994 Thread 0x00000229d87fb5a0 nmethod 11787 0x00000229848da890 code [0x00000229848daa40, 0x00000229848dabd8]
Event: 544.787 Thread 0x00000229d87fb5a0 11788       1       org.eclipse.core.internal.jobs.JobManager::isActive (5 bytes)
Event: 544.793 Thread 0x00000229d87fb5a0 nmethod 11788 0x000002298b2d3010 code [0x000002298b2d31a0, 0x000002298b2d3270]

GC Heap History (20 events):
Event: 9.605 GC heap before
{Heap before GC invocations=110 (full 3):
 PSYoungGen      total 10752K, used 564K [0x00000000d5580000, 0x00000000d6100000, 0x0000000100000000)
  eden space 9728K, 0% used [0x00000000d5580000,0x00000000d5580000,0x00000000d5f00000)
  from space 1024K, 55% used [0x00000000d5f00000,0x00000000d5f8d200,0x00000000d6000000)
  to   space 1024K, 0% used [0x00000000d6000000,0x00000000d6000000,0x00000000d6100000)
 ParOldGen       total 80896K, used 80563K [0x0000000080000000, 0x0000000084f00000, 0x00000000d5580000)
  object space 80896K, 99% used [0x0000000080000000,0x0000000084eacdc0,0x0000000084f00000)
 Metaspace       used 58861K, committed 60288K, reserved 1114112K
  class space    used 6277K, committed 6912K, reserved 1048576K
}
Event: 9.666 GC heap after
{Heap after GC invocations=110 (full 3):
 PSYoungGen      total 10752K, used 0K [0x00000000d5580000, 0x00000000d6100000, 0x0000000100000000)
  eden space 9728K, 0% used [0x00000000d5580000,0x00000000d5580000,0x00000000d5f00000)
  from space 1024K, 0% used [0x00000000d5f00000,0x00000000d5f00000,0x00000000d6000000)
  to   space 1024K, 0% used [0x00000000d6000000,0x00000000d6000000,0x00000000d6100000)
 ParOldGen       total 80896K, used 60062K [0x0000000080000000, 0x0000000084f00000, 0x00000000d5580000)
  object space 80896K, 74% used [0x0000000080000000,0x0000000083aa79e8,0x0000000084f00000)
 Metaspace       used 58854K, committed 60288K, reserved 1114112K
  class space    used 6275K, committed 6912K, reserved 1048576K
}
Event: 9.702 GC heap before
{Heap before GC invocations=111 (full 3):
 PSYoungGen      total 10752K, used 9728K [0x00000000d5580000, 0x00000000d6100000, 0x0000000100000000)
  eden space 9728K, 100% used [0x00000000d5580000,0x00000000d5f00000,0x00000000d5f00000)
  from space 1024K, 0% used [0x00000000d5f00000,0x00000000d5f00000,0x00000000d6000000)
  to   space 1024K, 0% used [0x00000000d6000000,0x00000000d6000000,0x00000000d6100000)
 ParOldGen       total 80896K, used 60062K [0x0000000080000000, 0x0000000084f00000, 0x00000000d5580000)
  object space 80896K, 74% used [0x0000000080000000,0x0000000083aa79e8,0x0000000084f00000)
 Metaspace       used 59403K, committed 60864K, reserved 1114112K
  class space    used 6331K, committed 6976K, reserved 1048576K
}
Event: 9.703 GC heap after
{Heap after GC invocations=111 (full 3):
 PSYoungGen      total 10752K, used 948K [0x00000000d5580000, 0x00000000d6100000, 0x0000000100000000)
  eden space 9728K, 0% used [0x00000000d5580000,0x00000000d5580000,0x00000000d5f00000)
  from space 1024K, 92% used [0x00000000d6000000,0x00000000d60ed220,0x00000000d6100000)
  to   space 1024K, 0% used [0x00000000d5f00000,0x00000000d5f00000,0x00000000d6000000)
 ParOldGen       total 80896K, used 60070K [0x0000000080000000, 0x0000000084f00000, 0x00000000d5580000)
  object space 80896K, 74% used [0x0000000080000000,0x0000000083aa99e8,0x0000000084f00000)
 Metaspace       used 59403K, committed 60864K, reserved 1114112K
  class space    used 6331K, committed 6976K, reserved 1048576K
}
Event: 9.733 GC heap before
{Heap before GC invocations=112 (full 3):
 PSYoungGen      total 10752K, used 10637K [0x00000000d5580000, 0x00000000d6100000, 0x0000000100000000)
  eden space 9728K, 99% used [0x00000000d5580000,0x00000000d5ef64e8,0x00000000d5f00000)
  from space 1024K, 92% used [0x00000000d6000000,0x00000000d60ed220,0x00000000d6100000)
  to   space 1024K, 0% used [0x00000000d5f00000,0x00000000d5f00000,0x00000000d6000000)
 ParOldGen       total 80896K, used 60070K [0x0000000080000000, 0x0000000084f00000, 0x00000000d5580000)
  object space 80896K, 74% used [0x0000000080000000,0x0000000083aa99e8,0x0000000084f00000)
 Metaspace       used 59693K, committed 61120K, reserved 1114112K
  class space    used 6367K, committed 6976K, reserved 1048576K
}
Event: 9.734 GC heap after
{Heap after GC invocations=112 (full 3):
 PSYoungGen      total 10752K, used 994K [0x00000000d5580000, 0x00000000d6b00000, 0x0000000100000000)
  eden space 9728K, 0% used [0x00000000d5580000,0x00000000d5580000,0x00000000d5f00000)
  from space 1024K, 97% used [0x00000000d5f00000,0x00000000d5ff8be8,0x00000000d6000000)
  to   space 6144K, 0% used [0x00000000d6500000,0x00000000d6500000,0x00000000d6b00000)
 ParOldGen       total 80896K, used 64154K [0x0000000080000000, 0x0000000084f00000, 0x00000000d5580000)
  object space 80896K, 79% used [0x0000000080000000,0x0000000083ea6940,0x0000000084f00000)
 Metaspace       used 59693K, committed 61120K, reserved 1114112K
  class space    used 6367K, committed 6976K, reserved 1048576K
}
Event: 9.785 GC heap before
{Heap before GC invocations=113 (full 3):
 PSYoungGen      total 10752K, used 10722K [0x00000000d5580000, 0x00000000d6b00000, 0x0000000100000000)
  eden space 9728K, 100% used [0x00000000d5580000,0x00000000d5f00000,0x00000000d5f00000)
  from space 1024K, 97% used [0x00000000d5f00000,0x00000000d5ff8be8,0x00000000d6000000)
  to   space 6144K, 0% used [0x00000000d6500000,0x00000000d6500000,0x00000000d6b00000)
 ParOldGen       total 80896K, used 64154K [0x0000000080000000, 0x0000000084f00000, 0x00000000d5580000)
  object space 80896K, 79% used [0x0000000080000000,0x0000000083ea6940,0x0000000084f00000)
 Metaspace       used 60025K, committed 61504K, reserved 1114112K
  class space    used 6393K, committed 7040K, reserved 1048576K
}
Event: 9.787 GC heap after
{Heap after GC invocations=113 (full 3):
 PSYoungGen      total 12288K, used 2315K [0x00000000d5580000, 0x00000000d6780000, 0x0000000100000000)
  eden space 9728K, 0% used [0x00000000d5580000,0x00000000d5580000,0x00000000d5f00000)
  from space 2560K, 90% used [0x00000000d6500000,0x00000000d6742c30,0x00000000d6780000)
  to   space 3584K, 0% used [0x00000000d6080000,0x00000000d6080000,0x00000000d6400000)
 ParOldGen       total 80896K, used 65114K [0x0000000080000000, 0x0000000084f00000, 0x00000000d5580000)
  object space 80896K, 80% used [0x0000000080000000,0x0000000083f96950,0x0000000084f00000)
 Metaspace       used 60025K, committed 61504K, reserved 1114112K
  class space    used 6393K, committed 7040K, reserved 1048576K
}
Event: 9.799 GC heap before
{Heap before GC invocations=114 (full 3):
 PSYoungGen      total 12288K, used 12043K [0x00000000d5580000, 0x00000000d6780000, 0x0000000100000000)
  eden space 9728K, 100% used [0x00000000d5580000,0x00000000d5f00000,0x00000000d5f00000)
  from space 2560K, 90% used [0x00000000d6500000,0x00000000d6742c30,0x00000000d6780000)
  to   space 3584K, 0% used [0x00000000d6080000,0x00000000d6080000,0x00000000d6400000)
 ParOldGen       total 80896K, used 65114K [0x0000000080000000, 0x0000000084f00000, 0x00000000d5580000)
  object space 80896K, 80% used [0x0000000080000000,0x0000000083f96950,0x0000000084f00000)
 Metaspace       used 60056K, committed 61504K, reserved 1114112K
  class space    used 6393K, committed 7040K, reserved 1048576K
}
Event: 9.801 GC heap after
{Heap after GC invocations=114 (full 3):
 PSYoungGen      total 10752K, used 1024K [0x00000000d5580000, 0x00000000d6580000, 0x0000000100000000)
  eden space 9728K, 0% used [0x00000000d5580000,0x00000000d5580000,0x00000000d5f00000)
  from space 1024K, 100% used [0x00000000d6080000,0x00000000d6180000,0x00000000d6180000)
  to   space 2048K, 0% used [0x00000000d6380000,0x00000000d6380000,0x00000000d6580000)
 ParOldGen       total 80896K, used 67158K [0x0000000080000000, 0x0000000084f00000, 0x00000000d5580000)
  object space 80896K, 83% used [0x0000000080000000,0x0000000084195b38,0x0000000084f00000)
 Metaspace       used 60056K, committed 61504K, reserved 1114112K
  class space    used 6393K, committed 7040K, reserved 1048576K
}
Event: 9.816 GC heap before
{Heap before GC invocations=115 (full 3):
 PSYoungGen      total 10752K, used 10752K [0x00000000d5580000, 0x00000000d6580000, 0x0000000100000000)
  eden space 9728K, 100% used [0x00000000d5580000,0x00000000d5f00000,0x00000000d5f00000)
  from space 1024K, 100% used [0x00000000d6080000,0x00000000d6180000,0x00000000d6180000)
  to   space 2048K, 0% used [0x00000000d6380000,0x00000000d6380000,0x00000000d6580000)
 ParOldGen       total 80896K, used 67158K [0x0000000080000000, 0x0000000084f00000, 0x00000000d5580000)
  object space 80896K, 83% used [0x0000000080000000,0x0000000084195b38,0x0000000084f00000)
 Metaspace       used 60181K, committed 61632K, reserved 1114112K
  class space    used 6420K, committed 7040K, reserved 1048576K
}
Event: 9.817 GC heap after
{Heap after GC invocations=115 (full 3):
 PSYoungGen      total 11264K, used 1088K [0x00000000d5580000, 0x00000000d6500000, 0x0000000100000000)
  eden space 9728K, 0% used [0x00000000d5580000,0x00000000d5580000,0x00000000d5f00000)
  from space 1536K, 70% used [0x00000000d6380000,0x00000000d6490030,0x00000000d6500000)
  to   space 1536K, 0% used [0x00000000d6200000,0x00000000d6200000,0x00000000d6380000)
 ParOldGen       total 80896K, used 67915K [0x0000000080000000, 0x0000000084f00000, 0x00000000d5580000)
  object space 80896K, 83% used [0x0000000080000000,0x0000000084252dc8,0x0000000084f00000)
 Metaspace       used 60181K, committed 61632K, reserved 1114112K
  class space    used 6420K, committed 7040K, reserved 1048576K
}
Event: 9.865 GC heap before
{Heap before GC invocations=116 (full 3):
 PSYoungGen      total 11264K, used 10816K [0x00000000d5580000, 0x00000000d6500000, 0x0000000100000000)
  eden space 9728K, 99% used [0x00000000d5580000,0x00000000d5effff8,0x00000000d5f00000)
  from space 1536K, 70% used [0x00000000d6380000,0x00000000d6490030,0x00000000d6500000)
  to   space 1536K, 0% used [0x00000000d6200000,0x00000000d6200000,0x00000000d6380000)
 ParOldGen       total 80896K, used 67915K [0x0000000080000000, 0x0000000084f00000, 0x00000000d5580000)
  object space 80896K, 83% used [0x0000000080000000,0x0000000084252dc8,0x0000000084f00000)
 Metaspace       used 60464K, committed 61888K, reserved 1114112K
  class space    used 6439K, committed 7040K, reserved 1048576K
}
Event: 9.867 GC heap after
{Heap after GC invocations=116 (full 3):
 PSYoungGen      total 11264K, used 1322K [0x00000000d5580000, 0x00000000d6400000, 0x0000000100000000)
  eden space 9728K, 0% used [0x00000000d5580000,0x00000000d5580000,0x00000000d5f00000)
  from space 1536K, 86% used [0x00000000d6200000,0x00000000d634a950,0x00000000d6380000)
  to   space 512K, 0% used [0x00000000d6380000,0x00000000d6380000,0x00000000d6400000)
 ParOldGen       total 80896K, used 68787K [0x0000000080000000, 0x0000000084f00000, 0x00000000d5580000)
  object space 80896K, 85% used [0x0000000080000000,0x000000008432cdf8,0x0000000084f00000)
 Metaspace       used 60464K, committed 61888K, reserved 1114112K
  class space    used 6439K, committed 7040K, reserved 1048576K
}
Event: 9.912 GC heap before
{Heap before GC invocations=117 (full 3):
 PSYoungGen      total 11264K, used 11050K [0x00000000d5580000, 0x00000000d6400000, 0x0000000100000000)
  eden space 9728K, 100% used [0x00000000d5580000,0x00000000d5f00000,0x00000000d5f00000)
  from space 1536K, 86% used [0x00000000d6200000,0x00000000d634a950,0x00000000d6380000)
  to   space 512K, 0% used [0x00000000d6380000,0x00000000d6380000,0x00000000d6400000)
 ParOldGen       total 80896K, used 68787K [0x0000000080000000, 0x0000000084f00000, 0x00000000d5580000)
  object space 80896K, 85% used [0x0000000080000000,0x000000008432cdf8,0x0000000084f00000)
 Metaspace       used 60969K, committed 62464K, reserved 1114112K
  class space    used 6480K, committed 7104K, reserved 1048576K
}
Event: 9.914 GC heap after
{Heap after GC invocations=117 (full 3):
 PSYoungGen      total 10240K, used 512K [0x00000000d5580000, 0x00000000d6600000, 0x0000000100000000)
  eden space 9728K, 0% used [0x00000000d5580000,0x00000000d5580000,0x00000000d5f00000)
  from space 512K, 100% used [0x00000000d6380000,0x00000000d6400000,0x00000000d6400000)
  to   space 3584K, 0% used [0x00000000d5f00000,0x00000000d5f00000,0x00000000d6280000)
 ParOldGen       total 80896K, used 71261K [0x0000000080000000, 0x0000000084f00000, 0x00000000d5580000)
  object space 80896K, 88% used [0x0000000080000000,0x0000000084597578,0x0000000084f00000)
 Metaspace       used 60969K, committed 62464K, reserved 1114112K
  class space    used 6480K, committed 7104K, reserved 1048576K
}
Event: 9.988 GC heap before
{Heap before GC invocations=118 (full 3):
 PSYoungGen      total 10240K, used 10240K [0x00000000d5580000, 0x00000000d6600000, 0x0000000100000000)
  eden space 9728K, 100% used [0x00000000d5580000,0x00000000d5f00000,0x00000000d5f00000)
  from space 512K, 100% used [0x00000000d6380000,0x00000000d6400000,0x00000000d6400000)
  to   space 3584K, 0% used [0x00000000d5f00000,0x00000000d5f00000,0x00000000d6280000)
 ParOldGen       total 80896K, used 71261K [0x0000000080000000, 0x0000000084f00000, 0x00000000d5580000)
  object space 80896K, 88% used [0x0000000080000000,0x0000000084597578,0x0000000084f00000)
 Metaspace       used 61741K, committed 63168K, reserved 1114112K
  class space    used 6565K, committed 7168K, reserved 1048576K
}
Event: 9.989 GC heap after
{Heap after GC invocations=118 (full 3):
 PSYoungGen      total 11264K, used 1422K [0x00000000d5580000, 0x00000000d6400000, 0x0000000100000000)
  eden space 9728K, 0% used [0x00000000d5580000,0x00000000d5580000,0x00000000d5f00000)
  from space 1536K, 92% used [0x00000000d5f00000,0x00000000d6063a80,0x00000000d6080000)
  to   space 2048K, 0% used [0x00000000d6200000,0x00000000d6200000,0x00000000d6400000)
 ParOldGen       total 80896K, used 71821K [0x0000000080000000, 0x0000000084f00000, 0x00000000d5580000)
  object space 80896K, 88% used [0x0000000080000000,0x0000000084623578,0x0000000084f00000)
 Metaspace       used 61741K, committed 63168K, reserved 1114112K
  class space    used 6565K, committed 7168K, reserved 1048576K
}
Event: 30.815 GC heap before
{Heap before GC invocations=119 (full 3):
 PSYoungGen      total 11264K, used 11150K [0x00000000d5580000, 0x00000000d6400000, 0x0000000100000000)
  eden space 9728K, 100% used [0x00000000d5580000,0x00000000d5f00000,0x00000000d5f00000)
  from space 1536K, 92% used [0x00000000d5f00000,0x00000000d6063a80,0x00000000d6080000)
  to   space 2048K, 0% used [0x00000000d6200000,0x00000000d6200000,0x00000000d6400000)
 ParOldGen       total 80896K, used 71821K [0x0000000080000000, 0x0000000084f00000, 0x00000000d5580000)
  object space 80896K, 88% used [0x0000000080000000,0x0000000084623578,0x0000000084f00000)
 Metaspace       used 61937K, committed 63360K, reserved 1114112K
  class space    used 6566K, committed 7168K, reserved 1048576K
}
Event: 30.817 GC heap after
{Heap after GC invocations=119 (full 3):
 PSYoungGen      total 10752K, used 928K [0x00000000d5580000, 0x00000000d6300000, 0x0000000100000000)
  eden space 9728K, 0% used [0x00000000d5580000,0x00000000d5580000,0x00000000d5f00000)
  from space 1024K, 90% used [0x00000000d6200000,0x00000000d62e8030,0x00000000d6300000)
  to   space 1536K, 0% used [0x00000000d6000000,0x00000000d6000000,0x00000000d6180000)
 ParOldGen       total 80896K, used 72978K [0x0000000080000000, 0x0000000084f00000, 0x00000000d5580000)
  object space 80896K, 90% used [0x0000000080000000,0x0000000084744ad0,0x0000000084f00000)
 Metaspace       used 61937K, committed 63360K, reserved 1114112K
  class space    used 6566K, committed 7168K, reserved 1048576K
}

Dll operation events (10 events):
Event: 0.008 Loaded shared library c:\Users\PC\.antigravity\extensions\redhat.java-1.54.0-win32-x64\jre\21.0.10-win32-x86_64\bin\java.dll
Event: 0.036 Loaded shared library c:\Users\PC\.antigravity\extensions\redhat.java-1.54.0-win32-x64\jre\21.0.10-win32-x86_64\bin\zip.dll
Event: 0.088 Loaded shared library C:\Users\PC\.antigravity\extensions\redhat.java-1.54.0-win32-x64\jre\21.0.10-win32-x86_64\bin\instrument.dll
Event: 0.091 Loaded shared library C:\Users\PC\.antigravity\extensions\redhat.java-1.54.0-win32-x64\jre\21.0.10-win32-x86_64\bin\net.dll
Event: 0.093 Loaded shared library C:\Users\PC\.antigravity\extensions\redhat.java-1.54.0-win32-x64\jre\21.0.10-win32-x86_64\bin\nio.dll
Event: 0.096 Loaded shared library C:\Users\PC\.antigravity\extensions\redhat.java-1.54.0-win32-x64\jre\21.0.10-win32-x86_64\bin\zip.dll
Event: 0.110 Loaded shared library C:\Users\PC\.antigravity\extensions\redhat.java-1.54.0-win32-x64\jre\21.0.10-win32-x86_64\bin\jimage.dll
Event: 0.156 Loaded shared library c:\Users\PC\.antigravity\extensions\redhat.java-1.54.0-win32-x64\jre\21.0.10-win32-x86_64\bin\verify.dll
Event: 1.001 Loaded shared library C:\Users\PC\AppData\Roaming\Antigravity\User\globalStorage\redhat.java\1.54.0\config_win\org.eclipse.equinox.launcher\org.eclipse.equinox.launcher.win32.win32.x86_64_1.3.0.v20260203-2149\eclipse_11919.dll
Event: 4.308 Loaded shared library C:\Users\PC\AppData\Local\Temp\jna-2547\jna13338383944555772153.dll

Deoptimization events (20 events):
Event: 30.809 Thread 0x00000229da6fb690 DEOPT PACKING pc=0x0000022983a01a2e sp=0x00000086ce1fef40
Event: 30.809 Thread 0x00000229da6fb690 DEOPT UNPACKING pc=0x000002298a5e78e2 sp=0x00000086ce1fe498 mode 0
Event: 30.809 Thread 0x00000229da6fb690 DEOPT PACKING pc=0x0000022983a01a2e sp=0x00000086ce1fef40
Event: 30.809 Thread 0x00000229da6fb690 DEOPT UNPACKING pc=0x000002298a5e78e2 sp=0x00000086ce1fe498 mode 0
Event: 30.809 Thread 0x00000229da6fb690 DEOPT PACKING pc=0x0000022983a01a2e sp=0x00000086ce1fef40
Event: 30.809 Thread 0x00000229da6fb690 DEOPT UNPACKING pc=0x000002298a5e78e2 sp=0x00000086ce1fe498 mode 0
Event: 30.810 Thread 0x00000229da6fb690 DEOPT PACKING pc=0x0000022983a01a2e sp=0x00000086ce1fef40
Event: 30.810 Thread 0x00000229da6fb690 DEOPT UNPACKING pc=0x000002298a5e78e2 sp=0x00000086ce1fe498 mode 0
Event: 30.810 Thread 0x00000229da6fb690 DEOPT PACKING pc=0x0000022983a01a2e sp=0x00000086ce1fef40
Event: 30.810 Thread 0x00000229da6fb690 DEOPT UNPACKING pc=0x000002298a5e78e2 sp=0x00000086ce1fe498 mode 0
Event: 30.810 Thread 0x00000229da6fb690 DEOPT PACKING pc=0x0000022983a01a2e sp=0x00000086ce1fef40
Event: 30.810 Thread 0x00000229da6fb690 DEOPT UNPACKING pc=0x000002298a5e78e2 sp=0x00000086ce1fe498 mode 0
Event: 30.810 Thread 0x00000229da6fb690 DEOPT PACKING pc=0x0000022983a01a2e sp=0x00000086ce1fef40
Event: 30.810 Thread 0x00000229da6fb690 DEOPT UNPACKING pc=0x000002298a5e78e2 sp=0x00000086ce1fe498 mode 0
Event: 30.811 Thread 0x00000229da6fb690 DEOPT PACKING pc=0x0000022983a01a2e sp=0x00000086ce1fef40
Event: 30.811 Thread 0x00000229da6fb690 DEOPT UNPACKING pc=0x000002298a5e78e2 sp=0x00000086ce1fe498 mode 0
Event: 304.432 Thread 0x00000229dfc7bf10 Uncommon trap: trap_request=0xffffff45 fr.pc=0x000002298b237a20 relative=0x00000000000005e0
Event: 304.432 Thread 0x00000229dfc7bf10 Uncommon trap: reason=unstable_if action=reinterpret pc=0x000002298b237a20 method=java.util.HashMap.putVal(ILjava/lang/Object;Ljava/lang/Object;ZZ)Ljava/lang/Object; @ 236 c2
Event: 304.432 Thread 0x00000229dfc7bf10 DEOPT PACKING pc=0x000002298b237a20 sp=0x00000086ceffecc0
Event: 304.432 Thread 0x00000229dfc7bf10 DEOPT UNPACKING pc=0x000002298a5e6da2 sp=0x00000086ceffec38 mode 2

Classes loaded (20 events):
Event: 30.836 Loading class sun/util/cldr/CLDRTimeZoneNameProviderImpl
Event: 30.837 Loading class sun/util/locale/provider/TimeZoneNameProviderImpl
Event: 30.837 Loading class sun/util/locale/provider/TimeZoneNameProviderImpl done
Event: 30.837 Loading class sun/util/cldr/CLDRTimeZoneNameProviderImpl done
Event: 30.838 Loading class sun/util/resources/cldr/TimeZoneNames
Event: 30.838 Loading class sun/util/resources/TimeZoneNamesBundle
Event: 30.839 Loading class sun/util/resources/OpenListResourceBundle
Event: 30.839 Loading class sun/util/resources/OpenListResourceBundle done
Event: 30.839 Loading class sun/util/resources/TimeZoneNamesBundle done
Event: 30.839 Loading class sun/util/resources/cldr/TimeZoneNames done
Event: 30.839 Loading class sun/util/resources/cldr/TimeZoneNames_en
Event: 30.841 Loading class sun/util/resources/cldr/TimeZoneNames_en done
Event: 30.841 Loading class sun/util/resources/cldr/TimeZoneNames_en_US
Event: 30.841 Loading class sun/util/resources/cldr/TimeZoneNames_en_US done
Event: 30.842 Loading class sun/util/cldr/CLDRBaseLocaleDataMetaInfo$TZCanonicalIDMapHolder
Event: 30.843 Loading class sun/util/cldr/CLDRBaseLocaleDataMetaInfo$TZCanonicalIDMapHolder done
Event: 30.844 Loading class sun/util/resources/TimeZoneNames
Event: 30.845 Loading class sun/util/resources/TimeZoneNames done
Event: 30.846 Loading class sun/util/resources/TimeZoneNames_en
Event: 30.846 Loading class sun/util/resources/TimeZoneNames_en done

Classes unloaded (11 events):
Event: 4.762 Thread 0x00000229963224a0 Unloading class 0x00000229981aa800 'java/lang/invoke/LambdaForm$MH+0x00000229981aa800'
Event: 4.762 Thread 0x00000229963224a0 Unloading class 0x00000229981aa400 'java/lang/invoke/LambdaForm$MH+0x00000229981aa400'
Event: 4.762 Thread 0x00000229963224a0 Unloading class 0x00000229981aa000 'java/lang/invoke/LambdaForm$MH+0x00000229981aa000'
Event: 4.762 Thread 0x00000229963224a0 Unloading class 0x00000229981a9c00 'java/lang/invoke/LambdaForm$MH+0x00000229981a9c00'
Event: 4.762 Thread 0x00000229963224a0 Unloading class 0x00000229981a9800 'java/lang/invoke/LambdaForm$BMH+0x00000229981a9800'
Event: 4.762 Thread 0x00000229963224a0 Unloading class 0x00000229981a9400 'java/lang/invoke/LambdaForm$DMH+0x00000229981a9400'
Event: 4.762 Thread 0x00000229963224a0 Unloading class 0x00000229981a8400 'java/lang/invoke/LambdaForm$DMH+0x00000229981a8400'
Event: 9.616 Thread 0x00000229963224a0 Unloading class 0x00000229986ad400 'java/lang/invoke/LambdaForm$DMH+0x00000229986ad400'
Event: 9.616 Thread 0x00000229963224a0 Unloading class 0x00000229986ad000 'java/lang/invoke/LambdaForm$DMH+0x00000229986ad000'
Event: 9.616 Thread 0x00000229963224a0 Unloading class 0x00000229986ac800 'java/lang/invoke/LambdaForm$DMH+0x00000229986ac800'
Event: 9.616 Thread 0x00000229963224a0 Unloading class 0x00000229986acc00 'java/lang/invoke/LambdaForm$DMH+0x00000229986acc00'

Classes redefined (0 events):
No events

Internal exceptions (20 events):
Event: 9.719 Thread 0x00000229dfc7c5a0 Exception <a 'java/lang/NoSuchMethodError'{0x00000000d5c40608}: 'int java.lang.invoke.DirectMethodHandle$Holder.invokeSpecialIFC(java.lang.Object, java.lang.Object, java.lang.Object)'> (0x00000000d5c40608) 
thrown [s\src\hotspot\share\interpreter\linkResolver.cpp, line 773]
Event: 9.855 Thread 0x00000229e1193e10 Exception <a 'sun/nio/fs/WindowsException'{0x00000000d5d59e10}> (0x00000000d5d59e10) 
thrown [s\src\hotspot\share\prims\jni.cpp, line 520]
Event: 9.855 Thread 0x00000229e1193e10 Exception <a 'sun/nio/fs/WindowsException'{0x00000000d5d6fcf0}> (0x00000000d5d6fcf0) 
thrown [s\src\hotspot\share\prims\jni.cpp, line 520]
Event: 9.855 Thread 0x00000229e1193e10 Exception <a 'sun/nio/fs/WindowsException'{0x00000000d5d72958}> (0x00000000d5d72958) 
thrown [s\src\hotspot\share\prims\jni.cpp, line 520]
Event: 9.855 Thread 0x00000229e1193e10 Exception <a 'sun/nio/fs/WindowsException'{0x00000000d5d73238}> (0x00000000d5d73238) 
thrown [s\src\hotspot\share\prims\jni.cpp, line 520]
Event: 9.855 Thread 0x00000229dfc7cc30 Exception <a 'sun/nio/fs/WindowsException'{0x00000000d5d74a28}> (0x00000000d5d74a28) 
thrown [s\src\hotspot\share\prims\jni.cpp, line 520]
Event: 9.856 Thread 0x00000229dfc7cc30 Exception <a 'sun/nio/fs/WindowsException'{0x00000000d5d751c8}> (0x00000000d5d751c8) 
thrown [s\src\hotspot\share\prims\jni.cpp, line 520]
Event: 9.856 Thread 0x00000229dfc7cc30 Exception <a 'sun/nio/fs/WindowsException'{0x00000000d5d86cd0}> (0x00000000d5d86cd0) 
thrown [s\src\hotspot\share\prims\jni.cpp, line 520]
Event: 9.856 Thread 0x00000229dfc7cc30 Exception <a 'sun/nio/fs/WindowsException'{0x00000000d5d8a060}> (0x00000000d5d8a060) 
thrown [s\src\hotspot\share\prims\jni.cpp, line 520]
Event: 9.856 Thread 0x00000229dfc7cc30 Exception <a 'sun/nio/fs/WindowsException'{0x00000000d5d8df60}> (0x00000000d5d8df60) 
thrown [s\src\hotspot\share\prims\jni.cpp, line 520]
Event: 9.856 Thread 0x00000229dfc7cc30 Exception <a 'sun/nio/fs/WindowsException'{0x00000000d5d8e7e0}> (0x00000000d5d8e7e0) 
thrown [s\src\hotspot\share\prims\jni.cpp, line 520]
Event: 9.856 Thread 0x00000229dfc7cc30 Exception <a 'sun/nio/fs/WindowsException'{0x00000000d5da6560}> (0x00000000d5da6560) 
thrown [s\src\hotspot\share\prims\jni.cpp, line 520]
Event: 9.857 Thread 0x00000229dfc7cc30 Exception <a 'sun/nio/fs/WindowsException'{0x00000000d5da7048}> (0x00000000d5da7048) 
thrown [s\src\hotspot\share\prims\jni.cpp, line 520]
Event: 9.857 Thread 0x00000229dfc7cc30 Exception <a 'sun/nio/fs/WindowsException'{0x00000000d5dac3f8}> (0x00000000d5dac3f8) 
thrown [s\src\hotspot\share\prims\jni.cpp, line 520]
Event: 9.857 Thread 0x00000229dfc7cc30 Exception <a 'sun/nio/fs/WindowsException'{0x00000000d5daca28}> (0x00000000d5daca28) 
thrown [s\src\hotspot\share\prims\jni.cpp, line 520]
Event: 9.946 Thread 0x00000229dfc7cc30 Exception <a 'java/lang/NoSuchMethodError'{0x00000000d5a9bfc0}: 'java.lang.Object java.lang.invoke.DirectMethodHandle$Holder.invokeStatic(java.lang.Object, java.lang.Object, int, java.lang.Object)'> (0x00000000d5a9bfc0) 
thrown [s\src\hotspot\share\interpreter\linkResolver.cpp, line 773]
Event: 9.946 Thread 0x00000229dfc7cc30 Exception <a 'java/lang/NoSuchMethodError'{0x00000000d5aa36a8}: 'java.lang.Object java.lang.invoke.DirectMethodHandle$Holder.newInvokeSpecial(java.lang.Object, java.lang.Object, int)'> (0x00000000d5aa36a8) 
thrown [s\src\hotspot\share\interpreter\linkResolver.cpp, line 773]
Event: 9.951 Thread 0x00000229dfc7c5a0 Exception <a 'java/io/FileNotFoundException'{0x00000000d5ae8828}> (0x00000000d5ae8828) 
thrown [s\src\hotspot\share\prims\jni.cpp, line 520]
Event: 9.951 Thread 0x00000229dfc7c5a0 Exception <a 'java/io/FileNotFoundException'{0x00000000d5b54710}> (0x00000000d5b54710) 
thrown [s\src\hotspot\share\prims\jni.cpp, line 520]
Event: 9.951 Thread 0x00000229dfc7c5a0 Exception <a 'java/io/FileNotFoundException'{0x00000000d5b55488}> (0x00000000d5b55488) 
thrown [s\src\hotspot\share\prims\jni.cpp, line 520]

ZGC Phase Switch (0 events):
No events

VM Operations (20 events):
Event: 601.310 Executing non-safepoint VM operation: HandshakeAllThreads (HandshakeForDeflation)
Event: 601.315 Executing non-safepoint VM operation: HandshakeAllThreads (HandshakeForDeflation) done
Event: 601.315 Executing non-safepoint VM operation: RendezvousGCThreads
Event: 601.315 Executing non-safepoint VM operation: RendezvousGCThreads done
Event: 661.336 Executing non-safepoint VM operation: HandshakeAllThreads (HandshakeForDeflation)
Event: 661.339 Executing non-safepoint VM operation: HandshakeAllThreads (HandshakeForDeflation) done
Event: 661.340 Executing non-safepoint VM operation: RendezvousGCThreads
Event: 661.340 Executing non-safepoint VM operation: RendezvousGCThreads done
Event: 723.202 Executing non-safepoint VM operation: HandshakeAllThreads (HandshakeForDeflation)
Event: 723.386 Executing non-safepoint VM operation: HandshakeAllThreads (HandshakeForDeflation) done
Event: 723.389 Executing non-safepoint VM operation: RendezvousGCThreads
Event: 723.393 Executing non-safepoint VM operation: RendezvousGCThreads done
Event: 781.994 Executing non-safepoint VM operation: HandshakeAllThreads (HandshakeForDeflation)
Event: 782.006 Executing non-safepoint VM operation: HandshakeAllThreads (HandshakeForDeflation) done
Event: 782.007 Executing non-safepoint VM operation: RendezvousGCThreads
Event: 782.007 Executing non-safepoint VM operation: RendezvousGCThreads done
Event: 842.492 Executing non-safepoint VM operation: HandshakeAllThreads (HandshakeForDeflation)
Event: 842.847 Executing non-safepoint VM operation: HandshakeAllThreads (HandshakeForDeflation) done
Event: 842.850 Executing non-safepoint VM operation: RendezvousGCThreads
Event: 842.850 Executing non-safepoint VM operation: RendezvousGCThreads done

Memory protections (0 events):
No events

Nmethod flushes (20 events):
Event: 9.630 Thread 0x00000229963224a0 flushing  nmethod 0x0000022983b09190
Event: 9.630 Thread 0x00000229963224a0 flushing  nmethod 0x0000022983b09790
Event: 9.630 Thread 0x00000229963224a0 flushing  nmethod 0x0000022983b09e90
Event: 9.630 Thread 0x00000229963224a0 flushing  nmethod 0x0000022983b0a710
Event: 9.630 Thread 0x00000229963224a0 flushing  nmethod 0x0000022983b0c510
Event: 9.630 Thread 0x00000229963224a0 flushing  nmethod 0x0000022983b1ef90
Event: 9.630 Thread 0x00000229963224a0 flushing  nmethod 0x0000022983b24d90
Event: 9.630 Thread 0x00000229963224a0 flushing  nmethod 0x0000022983b45310
Event: 9.630 Thread 0x00000229963224a0 flushing  nmethod 0x0000022983b9aa90
Event: 9.630 Thread 0x00000229963224a0 flushing  nmethod 0x0000022983b9c590
Event: 9.630 Thread 0x00000229963224a0 flushing  nmethod 0x0000022983b9de90
Event: 9.630 Thread 0x00000229963224a0 flushing  nmethod 0x0000022983b9e310
Event: 9.630 Thread 0x00000229963224a0 flushing  nmethod 0x0000022983b9ed10
Event: 9.630 Thread 0x00000229963224a0 flushing  nmethod 0x0000022983ba1490
Event: 9.630 Thread 0x00000229963224a0 flushing  nmethod 0x0000022983ba2210
Event: 9.630 Thread 0x00000229963224a0 flushing  nmethod 0x0000022983ba5590
Event: 9.630 Thread 0x00000229963224a0 flushing  nmethod 0x0000022983bb2f90
Event: 9.630 Thread 0x00000229963224a0 flushing  nmethod 0x0000022983bb5d90
Event: 9.630 Thread 0x00000229963224a0 flushing  nmethod 0x0000022983c16b90
Event: 9.630 Thread 0x00000229963224a0 flushing  nmethod 0x0000022983c17210

Events (20 events):
Event: 35.619 Thread 0x00000229e05cfc10 Thread exited: 0x00000229e05cfc10
Event: 40.619 Thread 0x00000229e05d1080 Thread exited: 0x00000229e05d1080
Event: 40.635 Thread 0x00000229d87fca10 Thread exited: 0x00000229d87fca10
Event: 45.632 Thread 0x00000229d87f9a60 Thread exited: 0x00000229d87f9a60
Event: 69.968 Thread 0x00000229da279260 Thread exited: 0x00000229da279260
Event: 69.968 Thread 0x00000229dfc7cc30 Thread exited: 0x00000229dfc7cc30
Event: 70.858 Thread 0x00000229dfc7c5a0 Thread exited: 0x00000229dfc7c5a0
Event: 129.982 Thread 0x00000229e1193e10 Thread exited: 0x00000229e1193e10
Event: 189.987 Thread 0x00000229da277190 Thread exited: 0x00000229da277190
Event: 249.999 Thread 0x00000229e1195850 Thread exited: 0x00000229e1195850
Event: 310.012 Thread 0x00000229da278540 Thread exited: 0x00000229da278540
Event: 370.030 Thread 0x00000229e1193780 Thread exited: 0x00000229e1193780
Event: 431.776 Thread 0x00000229da278bd0 Thread exited: 0x00000229da278bd0
Event: 490.657 Thread 0x00000229da273680 Thread exited: 0x00000229da273680
Event: 550.671 Thread 0x00000229e11930f0 Thread exited: 0x00000229e11930f0
Event: 610.677 Thread 0x00000229e1196570 Thread exited: 0x00000229e1196570
Event: 670.695 Thread 0x00000229e1195ee0 Thread exited: 0x00000229e1195ee0
Event: 733.676 Thread 0x00000229da2798f0 Thread exited: 0x00000229da2798f0
Event: 794.015 Thread 0x00000229da277820 Thread exited: 0x00000229da277820
Event: 854.831 Thread 0x00000229e11944a0 Thread exited: 0x00000229e11944a0


Dynamic libraries:
0x00007ff687490000 - 0x00007ff68749e000 	c:\Users\PC\.antigravity\extensions\redhat.java-1.54.0-win32-x64\jre\21.0.10-win32-x86_64\bin\java.exe
0x00007ffd55320000 - 0x00007ffd55587000 	C:\WINDOWS\SYSTEM32\ntdll.dll
0x00007ffd54280000 - 0x00007ffd54349000 	C:\WINDOWS\System32\KERNEL32.DLL
0x00007ffd51f90000 - 0x00007ffd52384000 	C:\WINDOWS\System32\KERNELBASE.dll
0x00007ffd51bf0000 - 0x00007ffd51d3b000 	C:\WINDOWS\System32\ucrtbase.dll
0x00007ffd33ed0000 - 0x00007ffd33ee8000 	c:\Users\PC\.antigravity\extensions\redhat.java-1.54.0-win32-x64\jre\21.0.10-win32-x86_64\bin\jli.dll
0x00007ffd54c50000 - 0x00007ffd54e15000 	C:\WINDOWS\System32\USER32.dll
0x00007ffd20220000 - 0x00007ffd2023e000 	c:\Users\PC\.antigravity\extensions\redhat.java-1.54.0-win32-x64\jre\21.0.10-win32-x86_64\bin\VCRUNTIME140.dll
0x00007ffd51d40000 - 0x00007ffd51d67000 	C:\WINDOWS\System32\win32u.dll
0x00007ffd545b0000 - 0x00007ffd545db000 	C:\WINDOWS\System32\GDI32.dll
0x00007ffd52390000 - 0x00007ffd524bb000 	C:\WINDOWS\System32\gdi32full.dll
0x00007ffd51d70000 - 0x00007ffd51e13000 	C:\WINDOWS\System32\msvcp_win.dll
0x00007ffd3a350000 - 0x00007ffd3a5e3000 	C:\WINDOWS\WinSxS\amd64_microsoft.windows.common-controls_6595b64144ccf1df_6.0.26100.8115_none_3e075c82e3354f9c\COMCTL32.dll
0x00007ffd550f0000 - 0x00007ffd55199000 	C:\WINDOWS\System32\msvcrt.dll
0x00007ffd54570000 - 0x00007ffd545a2000 	C:\WINDOWS\System32\IMM32.DLL
0x00007ffd4a6e0000 - 0x00007ffd4a6ec000 	c:\Users\PC\.antigravity\extensions\redhat.java-1.54.0-win32-x64\jre\21.0.10-win32-x86_64\bin\vcruntime140_1.dll
0x00007ffd12100000 - 0x00007ffd1218d000 	c:\Users\PC\.antigravity\extensions\redhat.java-1.54.0-win32-x64\jre\21.0.10-win32-x86_64\bin\msvcp140.dll
0x00007ffc444c0000 - 0x00007ffc45261000 	c:\Users\PC\.antigravity\extensions\redhat.java-1.54.0-win32-x64\jre\21.0.10-win32-x86_64\bin\server\jvm.dll
0x00007ffd55220000 - 0x00007ffd552d6000 	C:\WINDOWS\System32\ADVAPI32.dll
0x00007ffd54e80000 - 0x00007ffd54f27000 	C:\WINDOWS\System32\sechost.dll
0x00007ffd54350000 - 0x00007ffd54468000 	C:\WINDOWS\System32\RPCRT4.dll
0x00007ffd53c10000 - 0x00007ffd53c90000 	C:\WINDOWS\System32\WS2_32.dll
0x00007ffd51a50000 - 0x00007ffd51aae000 	C:\WINDOWS\SYSTEM32\POWRPROF.dll
0x00007ffd3c8c0000 - 0x00007ffd3c8f6000 	C:\WINDOWS\SYSTEM32\WINMM.dll
0x00007ffd427c0000 - 0x00007ffd427cb000 	C:\WINDOWS\SYSTEM32\VERSION.dll
0x00007ffd51a30000 - 0x00007ffd51a44000 	C:\WINDOWS\SYSTEM32\UMPDC.dll
0x00007ffd50950000 - 0x00007ffd5096b000 	C:\WINDOWS\SYSTEM32\kernel.appcore.dll
0x00007ffd486c0000 - 0x00007ffd486ca000 	c:\Users\PC\.antigravity\extensions\redhat.java-1.54.0-win32-x64\jre\21.0.10-win32-x86_64\bin\jimage.dll
0x00007ffd4fb20000 - 0x00007ffd4fd62000 	C:\WINDOWS\SYSTEM32\DBGHELP.DLL
0x00007ffd53ed0000 - 0x00007ffd54252000 	C:\WINDOWS\System32\combase.dll
0x00007ffd54b70000 - 0x00007ffd54c48000 	C:\WINDOWS\System32\OLEAUT32.dll
0x00007ffd39a90000 - 0x00007ffd39acb000 	C:\WINDOWS\SYSTEM32\dbgcore.DLL
0x00007ffd52580000 - 0x00007ffd52625000 	C:\WINDOWS\System32\bcryptPrimitives.dll
0x00007ffd489b0000 - 0x00007ffd489bf000 	c:\Users\PC\.antigravity\extensions\redhat.java-1.54.0-win32-x64\jre\21.0.10-win32-x86_64\bin\instrument.dll
0x00007ffd22040000 - 0x00007ffd22060000 	c:\Users\PC\.antigravity\extensions\redhat.java-1.54.0-win32-x64\jre\21.0.10-win32-x86_64\bin\java.dll
0x00007ffd530b0000 - 0x00007ffd53817000 	C:\WINDOWS\System32\SHELL32.dll
0x00007ffd51e20000 - 0x00007ffd51f8a000 	C:\WINDOWS\System32\wintypes.dll
0x00007ffd52630000 - 0x00007ffd52e98000 	C:\WINDOWS\System32\windows.storage.dll
0x00007ffd54470000 - 0x00007ffd54568000 	C:\WINDOWS\System32\SHCORE.dll
0x00007ffd54a70000 - 0x00007ffd54ad6000 	C:\WINDOWS\System32\shlwapi.dll
0x00007ffd51b10000 - 0x00007ffd51b39000 	C:\WINDOWS\SYSTEM32\profapi.dll
0x00007ffd1f440000 - 0x00007ffd1f458000 	c:\Users\PC\.antigravity\extensions\redhat.java-1.54.0-win32-x64\jre\21.0.10-win32-x86_64\bin\zip.dll
0x00007ffd46c90000 - 0x00007ffd46ca0000 	C:\Users\PC\.antigravity\extensions\redhat.java-1.54.0-win32-x64\jre\21.0.10-win32-x86_64\bin\net.dll
0x00007ffd45f20000 - 0x00007ffd4604d000 	C:\WINDOWS\SYSTEM32\WINHTTP.dll
0x00007ffd50ef0000 - 0x00007ffd50f5c000 	C:\WINDOWS\system32\mswsock.dll
0x00007ffd1b9e0000 - 0x00007ffd1b9f6000 	C:\Users\PC\.antigravity\extensions\redhat.java-1.54.0-win32-x64\jre\21.0.10-win32-x86_64\bin\nio.dll
0x00007ffd46c50000 - 0x00007ffd46c60000 	c:\Users\PC\.antigravity\extensions\redhat.java-1.54.0-win32-x64\jre\21.0.10-win32-x86_64\bin\verify.dll
0x00007ffd135f0000 - 0x00007ffd13635000 	C:\Users\PC\AppData\Roaming\Antigravity\User\globalStorage\redhat.java\1.54.0\config_win\org.eclipse.equinox.launcher\org.eclipse.equinox.launcher.win32.win32.x86_64_1.3.0.v20260203-2149\eclipse_11919.dll
0x00007ffd53ca0000 - 0x00007ffd53e37000 	C:\WINDOWS\System32\ole32.dll
0x00007ffd511d0000 - 0x00007ffd511eb000 	C:\WINDOWS\SYSTEM32\CRYPTSP.dll
0x00007ffd508b0000 - 0x00007ffd508e9000 	C:\WINDOWS\system32\rsaenh.dll
0x00007ffd50fa0000 - 0x00007ffd50fd3000 	C:\WINDOWS\SYSTEM32\USERENV.dll
0x00007ffd51ae0000 - 0x00007ffd51b0a000 	C:\WINDOWS\SYSTEM32\bcrypt.dll
0x00007ffd511f0000 - 0x00007ffd511fc000 	C:\WINDOWS\SYSTEM32\CRYPTBASE.dll
0x00007ffd50320000 - 0x00007ffd50352000 	C:\WINDOWS\SYSTEM32\IPHLPAPI.DLL
0x00007ffd54f60000 - 0x00007ffd54f6a000 	C:\WINDOWS\System32\NSI.dll
0x00007ffd0b5f0000 - 0x00007ffd0b639000 	C:\Users\PC\AppData\Local\Temp\jna-2547\jna13338383944555772153.dll
0x00007ffd53ec0000 - 0x00007ffd53ec8000 	C:\WINDOWS\System32\PSAPI.DLL
0x00007ffd46750000 - 0x00007ffd4676d000 	C:\WINDOWS\SYSTEM32\dhcpcsvc6.DLL
0x00007ffd466d0000 - 0x00007ffd466f5000 	C:\WINDOWS\SYSTEM32\dhcpcsvc.DLL

JVMTI agents:
c:\Users\PC\.antigravity\extensions\redhat.java-1.54.0-win32-x64\lombok\lombok-1.18.39-4050.jar path:c:\Users\PC\.antigravity\extensions\redhat.java-1.54.0-win32-x64\jre\21.0.10-win32-x86_64\bin\instrument.dll, loaded, initialized, instrumentlib options:none

dbghelp: loaded successfully - version: 4.0.5 - missing functions: none
symbol engine: initialized successfully - sym options: 0x614 - pdb path: .;c:\Users\PC\.antigravity\extensions\redhat.java-1.54.0-win32-x64\jre\21.0.10-win32-x86_64\bin;C:\WINDOWS\SYSTEM32;C:\WINDOWS\WinSxS\amd64_microsoft.windows.common-controls_6595b64144ccf1df_6.0.26100.8115_none_3e075c82e3354f9c;c:\Users\PC\.antigravity\extensions\redhat.java-1.54.0-win32-x64\jre\21.0.10-win32-x86_64\bin\server;C:\Users\PC\AppData\Roaming\Antigravity\User\globalStorage\redhat.java\1.54.0\config_win\org.eclipse.equinox.launcher\org.eclipse.equinox.launcher.win32.win32.x86_64_1.3.0.v20260203-2149;C:\Users\PC\AppData\Local\Temp\jna-2547

VM Arguments:
jvm_args: --add-modules=ALL-SYSTEM --add-opens=java.base/java.util=ALL-UNNAMED --add-opens=java.base/java.lang=ALL-UNNAMED --add-opens=java.base/sun.nio.fs=ALL-UNNAMED -Declipse.application=org.eclipse.jdt.ls.core.id1 -Dosgi.bundles.defaultStartLevel=4 -Declipse.product=org.eclipse.jdt.ls.core.product -Djava.import.generatesMetadataFilesAtProjectRoot=false -DDetectVMInstallationsJob.disabled=true -Dfile.encoding=utf8 -XX:+UseParallelGC -XX:GCTimeRatio=4 -XX:AdaptiveSizePolicyWeight=90 -Dsun.zip.disableMemoryMapping=true -Xmx2G -Xms100m -Xlog:disable -javaagent:c:\Users\PC\.antigravity\extensions\redhat.java-1.54.0-win32-x64\lombok\lombok-1.18.39-4050.jar -XX:+HeapDumpOnOutOfMemoryError -XX:HeapDumpPath=c:\Users\PC\AppData\Roaming\Antigravity\User\workspaceStorage\93b05d6e82c90429f4c9afd77aa55b62\redhat.java -Daether.dependencyCollector.impl=bf 
java_command: c:\Users\PC\.antigravity\extensions\redhat.java-1.54.0-win32-x64\server\plugins\org.eclipse.equinox.launcher_1.7.100.v20251111-0406.jar -configuration c:\Users\PC\AppData\Roaming\Antigravity\User\globalStorage\redhat.java\1.54.0\config_win -data c:\Users\PC\AppData\Roaming\Antigravity\User\workspaceStorage\93b05d6e82c90429f4c9afd77aa55b62\redhat.java\jdt_ws --pipe=\\.\pipe\lsp-4ae4cc0575dda83a4e41ced3ee8698e0-sock
java_class_path (initial): c:\Users\PC\.antigravity\extensions\redhat.java-1.54.0-win32-x64\server\plugins\org.eclipse.equinox.launcher_1.7.100.v20251111-0406.jar
Launcher Type: SUN_STANDARD

[Global flags]
    uintx AdaptiveSizePolicyWeight                 = 90                                        {product} {command line}
     intx CICompilerCount                          = 12                                        {product} {ergonomic}
    uintx GCTimeRatio                              = 4                                         {product} {command line}
     bool HeapDumpOnOutOfMemoryError               = true                                   {manageable} {command line}
    ccstr HeapDumpPath                             = c:\Users\PC\AppData\Roaming\Antigravity\User\workspaceStorage\93b05d6e82c90429f4c9afd77aa55b62\redhat.java         {manageable} {command line}
   size_t InitialHeapSize                          = 104857600                                 {product} {command line}
   size_t MaxHeapSize                              = 2147483648                                {product} {command line}
   size_t MaxNewSize                               = 715653120                                 {product} {ergonomic}
   size_t MinHeapDeltaBytes                        = 524288                                    {product} {ergonomic}
   size_t MinHeapSize                              = 104857600                                 {product} {command line}
   size_t NewSize                                  = 34603008                                  {product} {ergonomic}
    uintx NonNMethodCodeHeapSize                   = 7602480                                {pd product} {ergonomic}
    uintx NonProfiledCodeHeapSize                  = 122027880                              {pd product} {ergonomic}
   size_t OldSize                                  = 70254592                                  {product} {ergonomic}
    uintx ProfiledCodeHeapSize                     = 122027880                              {pd product} {ergonomic}
    uintx ReservedCodeCacheSize                    = 251658240                              {pd product} {ergonomic}
     bool SegmentedCodeCache                       = true                                      {product} {ergonomic}
   size_t SoftMaxHeapSize                          = 2147483648                             {manageable} {ergonomic}
     bool UseCompressedOops                        = true                           {product lp64_product} {ergonomic}
     bool UseLargePagesIndividualAllocation        = false                                  {pd product} {ergonomic}
     bool UseParallelGC                            = true                                      {product} {command line}

Logging:
Log output configuration:
 #0: stdout all=off uptime,level,tags foldmultilines=false
 #1: stderr all=off uptime,level,tags foldmultilines=false

Release file:
JAVA_VERSION="21.0.10" 
MODULES="java.base java.compiler java.datatransfer java.xml java.prefs java.desktop java.instrument java.logging java.management java.security.sasl java.naming java.rmi java.management.rmi java.net.http java.scripting java.security.jgss java.transaction.xa java.sql java.sql.rowset java.xml.crypto java.se java.smartcardio jdk.accessibility jdk.internal.jvmstat jdk.attach jdk.charsets jdk.internal.opt jdk.zipfs jdk.compiler jdk.crypto.ec jdk.crypto.cryptoki jdk.crypto.mscapi jdk.dynalink jdk.internal.ed jdk.editpad jdk.hotspot.agent jdk.httpserver jdk.internal.le jdk.internal.vm.ci jdk.internal.vm.compiler jdk.internal.vm.compiler.management jdk.jartool jdk.javadoc jdk.jcmd jdk.management jdk.management.agent jdk.jconsole jdk.jdeps jdk.jdwp.agent jdk.jdi jdk.jfr jdk.jshell jdk.jsobject jdk.jstatd jdk.localedata jdk.management.jfr jdk.naming.dns jdk.naming.rmi jdk.net jdk.nio.mapmode jdk.random jdk.sctp jdk.security.auth jdk.security.jgss jdk.unsupported jdk.unsupported.desktop jdk.xml.dom" 

Environment Variables:
PATH=C:\Program Files\Common Files\Oracle\Java\javapath;C:\Program Files (x86)\Common Files\Oracle\Java\javapath;C:\Windows\system32;C:\Windows;C:\Windows\System32\Wbem;C:\Windows\System32\WindowsPowerShell\v1.0\;C:\Windows\System32\OpenSSH\;C:\Program Files (x86)\NVIDIA Corporation\PhysX\Common;C:\Program Files\NVIDIA Corporation\NVIDIA NvDLISR;C:\Program Files\Git\cmd;C:\MinGW\bin;D:\java\jdk-22\bin;C:\Program Files\MongoDB\Server\6.0\bin\mongod.cfg;C:\Program Files\MongoDB\Tools\100\bin;C:\Program Files\Cloudflare\Cloudflare WARP\;C:\Program Files (x86)\Microsoft SQL Server\160\Tools\Binn\;C:\Program Files\Microsoft SQL Server\160\Tools\Binn\;C:\Program Files\Microsoft SQL Server\Client SDK\ODBC\170\Tools\Binn\;C:\Program Files\Microsoft SQL Server\160\DTS\Binn\;C:\Program Files (x86)\Microsoft SQL Server\160\DTS\Binn\;C:\WINDOWS\system32;C:\WINDOWS;C:\WINDOWS\System32\Wbem;C:\WINDOWS\System32\WindowsPowerShell\v1.0\;C:\WINDOWS\System32\OpenSSH\;D:\NodeJS\;C:\Gradle\gradle-9.3.0\bin;;C:\Program Files\Docker\Docker\resources\bin;C:\Users\PC\AppData\Local\Programs\Python\Python311\Scripts\;C:\Users\PC\AppData\Local\Programs\Python\Python311\;C:\Users\PC\AppData\Local\Microsoft\WindowsApps;C:\Users\PC\AppData\Local\Programs\Microsoft VS Code\bin;C:\Users\PC\AppData\Local\Programs\mongosh\;C:\Users\PC\AppData\Local\Programs\mongosh\mongosh.exe;C:\Users\PC\AppData\Roaming\npm;D:\Angent Antigravity\Antigravity\bin;
USERNAME=PC
OS=Windows_NT
PROCESSOR_IDENTIFIER=Intel64 Family 6 Model 141 Stepping 1, GenuineIntel
TMP=C:\Users\PC\AppData\Local\Temp
TEMP=C:\Users\PC\AppData\Local\Temp




Periodic native trim disabled

---------------  S Y S T E M  ---------------

OS:
 Windows 11 , 64 bit Build 26100 (10.0.26100.8246)
OS uptime: 0 days 13:34 hours
Hyper-V role detected

CPU: total 16 (initial active 16) (8 cores per cpu, 2 threads per core) family 6 model 141 stepping 1 microcode 0x34, cx8, cmov, fxsr, ht, mmx, 3dnowpref, sse, sse2, sse3, ssse3, sse4.1, sse4.2, popcnt, lzcnt, tsc, tscinvbit, avx, avx2, aes, erms, clmul, bmi1, bmi2, adx, avx512f, avx512dq, avx512cd, avx512bw, avx512vl, sha, fma, vzeroupper, avx512_vpopcntdq, avx512_vpclmulqdq, avx512_vaes, avx512_vnni, clflush, clflushopt, clwb, avx512_vbmi2, avx512_vbmi, hv, rdtscp, rdpid, fsrm, gfni, avx512_bitalg, f16c, cet_ibt, cet_ss, avx512_ifma
Processor Information for the first 16 processors :
  Max Mhz: 2304, Current Mhz: 2304, Mhz Limit: 2304

Memory: 4k page, system-wide physical 7893M (313M free)
TotalPageFile size 32469M (AvailPageFile size 10M)
current process WorkingSet (physical memory assigned to process): 7M, peak: 321M
current process commit charge ("private bytes"): 364M, peak: 415M

vm_info: OpenJDK 64-Bit Server VM (21.0.10+7-LTS) for windows-amd64 JRE (21.0.10+7-LTS), built on 2026-01-20T00:00:00Z by "admin" with MS VC++ 17.12 (VS2022)

END.
